2015-Feb-22 16:43:22.443 INFO	core	Dwarf Therapist "31.0.0" starting normally. [src\dwarftherapist.cpp:171] (setup_logging)
2015-Feb-22 16:43:23.122 INFO	core	beginning to read settings [src\dwarftherapist.cpp:197] (read_settings)
2015-Feb-22 16:43:23.134 INFO	core	finished reading settings [src\dwarftherapist.cpp:246] (read_settings)
2015-Feb-22 16:43:23.201 INFO	core	attempting connection to running DF game [src\mainwindow.cpp:337] (connect_to_df)
2015-Feb-22 16:43:23.208 INFO	core	adding valid layout "v0.40.24 (graphics)" "0x54ad7e66" [src\dfinstance.cpp:101] (DFInstance)
2015-Feb-22 16:43:23.211 INFO	core	adding valid layout "v0.40.23 (graphics)" "0x549b0acb" [src\dfinstance.cpp:101] (DFInstance)
2015-Feb-22 16:43:23.213 INFO	core	adding valid layout "v0.40.22 (graphics)" "0x5497174e" [src\dfinstance.cpp:101] (DFInstance)
2015-Feb-22 16:43:23.216 INFO	core	adding valid layout "v0.40.21 (graphics)" "0x549a491" [src\dfinstance.cpp:101] (DFInstance)
2015-Feb-22 16:43:23.223 INFO	core	adding valid layout "v0.40.20 (graphics)" "0x54932e9a" [src\dfinstance.cpp:101] (DFInstance)
2015-Feb-22 16:43:23.226 INFO	core	adding valid layout "v0.40.19 (graphics)" "0x54762923" [src\dfinstance.cpp:101] (DFInstance)
2015-Feb-22 16:43:23.228 INFO	core	adding valid layout "v0.40.18 (graphics)" "0x546e4906" [src\dfinstance.cpp:101] (DFInstance)
2015-Feb-22 16:43:23.231 INFO	core	adding valid layout "v0.40.16 (graphics)" "0x54638ff0" [src\dfinstance.cpp:101] (DFInstance)
2015-Feb-22 16:43:23.233 INFO	core	adding valid layout "v0.40.15 (graphics)" "0x545a6968" [src\dfinstance.cpp:101] (DFInstance)
2015-Feb-22 16:43:23.236 INFO	core	adding valid layout "v0.40.14 (graphics)" "0x544bffa4" [src\dfinstance.cpp:101] (DFInstance)
2015-Feb-22 16:43:23.239 INFO	core	adding valid layout "v0.40.13 (graphics)" "0x5419c537" [src\dfinstance.cpp:101] (DFInstance)
2015-Feb-22 16:43:23.244 INFO	core	adding valid layout "v0.40.12 (graphics)" "0x541088c3" [src\dfinstance.cpp:101] (DFInstance)
2015-Feb-22 16:43:23.246 INFO	core	adding valid layout "v0.40.11 (graphics)" "0x54076214" [src\dfinstance.cpp:101] (DFInstance)
2015-Feb-22 16:43:23.249 INFO	core	adding valid layout "v0.40.10 (graphics)" "0x53fa3213" [src\dfinstance.cpp:101] (DFInstance)
2015-Feb-22 16:43:23.253 INFO	core	adding valid layout "v0.40.09 (graphics)" "0x53f0f350" [src\dfinstance.cpp:101] (DFInstance)
2015-Feb-22 16:43:23.255 INFO	core	adding valid layout "v0.40.08 (graphics)" "0x53e90092" [src\dfinstance.cpp:101] (DFInstance)
2015-Feb-22 16:43:23.258 INFO	core	adding valid layout "v0.40.07 (graphics)" "0x53e7ac66" [src\dfinstance.cpp:101] (DFInstance)
2015-Feb-22 16:43:23.261 INFO	core	adding valid layout "v0.40.06 (graphics)" "0x53de7eb3" [src\dfinstance.cpp:101] (DFInstance)
2015-Feb-22 16:43:23.265 INFO	core	adding valid layout "v0.40.05 (graphics)" "0x53d566b4" [src\dfinstance.cpp:101] (DFInstance)
2015-Feb-22 16:43:23.268 INFO	core	adding valid layout "v0.40.04 (graphics)" "0x53cc0058" [src\dfinstance.cpp:101] (DFInstance)
2015-Feb-22 16:43:23.273 INFO	core	adding valid layout "v0.40.03 (graphics)" "0x53c2d20c" [src\dfinstance.cpp:101] (DFInstance)
2015-Feb-22 16:43:23.275 INFO	core	adding valid layout "v0.40.01 (graphics)" "0x53bb189a" [src\dfinstance.cpp:101] (DFInstance)
2015-Feb-22 16:43:23.278 INFO	core	attempting to find running copy of DF by window handle [src\dfinstancewindows.cpp:140] (find_running_copy)
2015-Feb-22 16:43:26.689 WARNING	core	can't find running copy [src\dfinstancewindows.cpp:153] (find_running_copy)
2015-Feb-22 16:43:28.901 INFO	core	Beginning shutdown [src\mainwindow.cpp:327] (closeEvent)
2015-Feb-22 16:43:28.901 INFO	core	beginning to write settings [src\mainwindow.cpp:304] (write_settings)
2015-Feb-22 16:43:28.902 INFO	core	finished writing settings [src\mainwindow.cpp:322] (write_settings)
2015-Feb-22 16:43:28.902 INFO	core	Closing Dwarf Therapist normally [src\mainwindow.cpp:333] (closeEvent)
